<?xml version="1.0" encoding="UTF-8"?>
<testsuite name="my.practice.FibonacciSeriesTest" tests="11" skipped="0" failures="0" errors="0" timestamp="2022-02-18T16:07:40" hostname="DESKTOP-768LOS1" time="0.283">
  <properties/>
  <testcase name="[1] 1, 1" classname="my.practice.FibonacciSeriesTest" time="0.195"/>
  <testcase name="[2] 2, 1" classname="my.practice.FibonacciSeriesTest" time="0.002"/>
  <testcase name="[3] 3, 2" classname="my.practice.FibonacciSeriesTest" time="0.005"/>
  <testcase name="[4] 4, 3" classname="my.practice.FibonacciSeriesTest" time="0.004"/>
  <testcase name="[5] 6, 8" classname="my.practice.FibonacciSeriesTest" time="0.002"/>
  <testcase name="[6] 10, 55" classname="my.practice.FibonacciSeriesTest" time="0.002"/>
  <testcase name="[7] 12, 144" classname="my.practice.FibonacciSeriesTest" time="0.003"/>
  <testcase name="[8] 28, 317811" classname="my.practice.FibonacciSeriesTest" time="0.002"/>
  <testcase name="[9] 40, 102334155" classname="my.practice.FibonacciSeriesTest" time="0.002"/>
  <testcase name="[10] 50, 12586269025" classname="my.practice.FibonacciSeriesTest" time="0.002"/>
  <testcase name="[11] 80, 23416728348467685" classname="my.practice.FibonacciSeriesTest" time="0.002"/>
  <system-out><![CDATA[]]></system-out>
  <system-err><![CDATA[]]></system-err>
</testsuite>
